<?xml version="1.0" encoding="UTF-8"?>
<!-- Generated by org.testng.reporters.JUnitXMLReporter -->
<testsuite hostname="MALOOTYPC" name="Default test" tests="2" failures="0" timestamp="17 Aug 2019 18:34:41 GMT" time="0.064" errors="0">
  <testcase name="@BeforeTest initWebDriver" time="0.0" classname="myTestyDemoTest.ExtJsFormTest">
    <failure type="org.testng.TestNGException" message="
Parameter &amp;apos;browser&amp;apos; is required by @Configuration on method initWebDriver but has not been marked @Optional or defined
in C:\Users\kmana\AppData\Local\Temp\testng-eclipse--103205012\testng-customsuite.xml">
      <![CDATA[org.testng.TestNGException: 
Parameter 'browser' is required by @Configuration on method initWebDriver but has not been marked @Optional or defined
in C:\Users\kmana\AppData\Local\Temp\testng-eclipse--103205012\testng-customsuite.xml
	at org.testng.internal.Parameters.createParameters(Parameters.java:155)
	at org.testng.internal.Parameters.createParameters(Parameters.java:358)
	at org.testng.internal.Parameters.createConfigurationParameters(Parameters.java:86)
	at org.testng.internal.Invoker.invokeConfigurations(Invoker.java:199)
	at org.testng.internal.Invoker.invokeConfigurations(Invoker.java:138)
	at org.testng.TestRunner.beforeRun(TestRunner.java:641)
	at org.testng.TestRunner.run(TestRunner.java:609)
	at org.testng.SuiteRunner.runTest(SuiteRunner.java:348)
	at org.testng.SuiteRunner.runSequentially(SuiteRunner.java:343)
	at org.testng.SuiteRunner.privateRun(SuiteRunner.java:305)
	at org.testng.SuiteRunner.run(SuiteRunner.java:254)
	at org.testng.SuiteRunnerWorker.runSuite(SuiteRunnerWorker.java:52)
	at org.testng.SuiteRunnerWorker.run(SuiteRunnerWorker.java:86)
	at org.testng.TestNG.runSuitesSequentially(TestNG.java:1224)
	at org.testng.TestNG.runSuitesLocally(TestNG.java:1149)
	at org.testng.TestNG.run(TestNG.java:1057)
	at org.testng.remote.AbstractRemoteTestNG.run(AbstractRemoteTestNG.java:114)
	at org.testng.remote.RemoteTestNG.initAndRun(RemoteTestNG.java:251)
	at org.testng.remote.RemoteTestNG.main(RemoteTestNG.java:77)
]]>
    </failure>
  </testcase> <!-- @BeforeTest initWebDriver -->
  <testcase name="@AfterTest tearDownTestMethod" time="0.0" classname="myTestyDemoTest.ExtJsFormTest">
    <skipped/>
  </testcase> <!-- @AfterTest tearDownTestMethod -->
  <testcase name="openUrl" time="0.008" classname="myTestyDemoTest.ExtJsFormTest">
    <skipped/>
  </testcase> <!-- openUrl -->
  <testcase name="simpleFormTest" time="0.001" classname="myTestyDemoTest.ExtJsFormTest">
    <skipped/>
  </testcase> <!-- simpleFormTest -->
</testsuite> <!-- Default test -->
